[2021-09-28 03:08:55] local.ERROR: The token could not be parsed from the request {"exception":"[object] (Tymon\\JWTAuth\\Exceptions\\JWTException(code: 0): The token could not be parsed from the request at /home/bjit/Desktop/training_works/laravel/day3/blogproject/vendor/tymon/jwt-auth/src/JWT.php:185)
[stacktrace]
#0 /home/bjit/Desktop/training_works/laravel/day3/blogproject/vendor/laravel/framework/src/Illuminate/Support/Facades/Facade.php(239): Tymon\\JWTAuth\\JWT->parseToken()
#1 /home/bjit/Desktop/training_works/laravel/day3/blogproject/app/Http/Controllers/TaskController.php(21): Illuminate\\Support\\Facades\\Facade::__callStatic()
#2 [internal function]: App\\Http\\Controllers\\TaskController->__construct()
#3 /home/bjit/Desktop/training_works/laravel/day3/blogproject/vendor/laravel/framework/src/Illuminate/Container/Container.php(825): ReflectionClass->newInstanceArgs()
#4 /home/bjit/Desktop/training_works/laravel/day3/blogproject/vendor/laravel/framework/src/Illuminate/Container/Container.php(667): Illuminate\\Container\\Container->build()
#5 /home/bjit/Desktop/training_works/laravel/day3/blogproject/vendor/laravel/framework/src/Illuminate/Container/Container.php(615): Illuminate\\Container\\Container->resolve()
#6 /home/bjit/Desktop/training_works/laravel/day3/blogproject/vendor/laravel/framework/src/Illuminate/Foundation/Application.php(767): Illuminate\\Container\\Container->make()
#7 /home/bjit/Desktop/training_works/laravel/day3/blogproject/vendor/laravel/framework/src/Illuminate/Routing/Route.php(233): Illuminate\\Foundation\\Application->make()
#8 /home/bjit/Desktop/training_works/laravel/day3/blogproject/vendor/laravel/framework/src/Illuminate/Routing/Route.php(833): Illuminate\\Routing\\Route->getController()
#9 /home/bjit/Desktop/training_works/laravel/day3/blogproject/vendor/laravel/framework/src/Illuminate/Routing/Route.php(794): Illuminate\\Routing\\Route->controllerMiddleware()
#10 /home/bjit/Desktop/training_works/laravel/day3/blogproject/vendor/laravel/framework/src/Illuminate/Routing/Router.php(693): Illuminate\\Routing\\Route->gatherMiddleware()
#11 /home/bjit/Desktop/training_works/laravel/day3/blogproject/vendor/laravel/framework/src/Illuminate/Routing/Router.php(673): Illuminate\\Routing\\Router->gatherRouteMiddleware()
#12 /home/bjit/Desktop/training_works/laravel/day3/blogproject/vendor/laravel/framework/src/Illuminate/Routing/Router.php(657): Illuminate\\Routing\\Router->runRouteWithinStack()
#13 /home/bjit/Desktop/training_works/laravel/day3/blogproject/vendor/laravel/framework/src/Illuminate/Routing/Router.php(623): Illuminate\\Routing\\Router->runRoute()
#14 /home/bjit/Desktop/training_works/laravel/day3/blogproject/vendor/laravel/framework/src/Illuminate/Routing/Router.php(612): Illuminate\\Routing\\Router->dispatchToRoute()
#15 /home/bjit/Desktop/training_works/laravel/day3/blogproject/vendor/laravel/framework/src/Illuminate/Foundation/Http/Kernel.php(176): Illuminate\\Routing\\Router->dispatch()
#16 /home/bjit/Desktop/training_works/laravel/day3/blogproject/vendor/laravel/framework/src/Illuminate/Routing/Pipeline.php(30): Illuminate\\Foundation\\Http\\Kernel->Illuminate\\Foundation\\Http\\{closure}()
#17 /home/bjit/Desktop/training_works/laravel/day3/blogproject/vendor/barryvdh/laravel-debugbar/src/Middleware/InjectDebugbar.php(65): Illuminate\\Routing\\Pipeline->Illuminate\\Routing\\{closure}()
#18 /home/bjit/Desktop/training_works/laravel/day3/blogproject/vendor/laravel/framework/src/Illuminate/Pipeline/Pipeline.php(163): Barryvdh\\Debugbar\\Middleware\\InjectDebugbar->handle()
#19 /home/bjit/Desktop/training_works/laravel/day3/blogproject/vendor/laravel/framework/src/Illuminate/Routing/Pipeline.php(53): Illuminate\\Pipeline\\Pipeline->Illuminate\\Pipeline\\{closure}()
#20 /home/bjit/Desktop/training_works/laravel/day3/blogproject/vendor/laravel/framework/src/Illuminate/Foundation/Http/Middleware/TransformsRequest.php(21): Illuminate\\Routing\\Pipeline->Illuminate\\Routing\\{closure}()
#21 /home/bjit/Desktop/training_works/laravel/day3/blogproject/vendor/laravel/framework/src/Illuminate/Pipeline/Pipeline.php(163): Illuminate\\Foundation\\Http\\Middleware\\TransformsRequest->handle()
#22 /home/bjit/Desktop/training_works/laravel/day3/blogproject/vendor/laravel/framework/src/Illuminate/Routing/Pipeline.php(53): Illuminate\\Pipeline\\Pipeline->Illuminate\\Pipeline\\{closure}()
#23 /home/bjit/Desktop/training_works/laravel/day3/blogproject/vendor/laravel/framework/src/Illuminate/Foundation/Http/Middleware/TransformsRequest.php(21): Illuminate\\Routing\\Pipeline->Illuminate\\Routing\\{closure}()
#24 /home/bjit/Desktop/training_works/laravel/day3/blogproject/vendor/laravel/framework/src/Illuminate/Pipeline/Pipeline.php(163): Illuminate\\Foundation\\Http\\Middleware\\TransformsRequest->handle()
#25 /home/bjit/Desktop/training_works/laravel/day3/blogproject/vendor/laravel/framework/src/Illuminate/Routing/Pipeline.php(53): Illuminate\\Pipeline\\Pipeline->Illuminate\\Pipeline\\{closure}()
#26 /home/bjit/Desktop/training_works/laravel/day3/blogproject/vendor/laravel/framework/src/Illuminate/Foundation/Http/Middleware/ValidatePostSize.php(27): Illuminate\\Routing\\Pipeline->Illuminate\\Routing\\{closure}()
#27 /home/bjit/Desktop/training_works/laravel/day3/blogproject/vendor/laravel/framework/src/Illuminate/Pipeline/Pipeline.php(163): Illuminate\\Foundation\\Http\\Middleware\\ValidatePostSize->handle()
#28 /home/bjit/Desktop/training_works/laravel/day3/blogproject/vendor/laravel/framework/src/Illuminate/Routing/Pipeline.php(53): Illuminate\\Pipeline\\Pipeline->Illuminate\\Pipeline\\{closure}()
#29 /home/bjit/Desktop/training_works/laravel/day3/blogproject/vendor/laravel/framework/src/Illuminate/Foundation/Http/Middleware/CheckForMaintenanceMode.php(62): Illuminate\\Routing\\Pipeline->Illuminate\\Routing\\{closure}()
#30 /home/bjit/Desktop/training_works/laravel/day3/blogproject/vendor/laravel/framework/src/Illuminate/Pipeline/Pipeline.php(163): Illuminate\\Foundation\\Http\\Middleware\\CheckForMaintenanceMode->handle()
#31 /home/bjit/Desktop/training_works/laravel/day3/blogproject/vendor/laravel/framework/src/Illuminate/Routing/Pipeline.php(53): Illuminate\\Pipeline\\Pipeline->Illuminate\\Pipeline\\{closure}()
#32 /home/bjit/Desktop/training_works/laravel/day3/blogproject/vendor/fideloper/proxy/src/TrustProxies.php(57): Illuminate\\Routing\\Pipeline->Illuminate\\Routing\\{closure}()
#33 /home/bjit/Desktop/training_works/laravel/day3/blogproject/vendor/laravel/framework/src/Illuminate/Pipeline/Pipeline.php(163): Fideloper\\Proxy\\TrustProxies->handle()
#34 /home/bjit/Desktop/training_works/laravel/day3/blogproject/vendor/laravel/framework/src/Illuminate/Routing/Pipeline.php(53): Illuminate\\Pipeline\\Pipeline->Illuminate\\Pipeline\\{closure}()
#35 /home/bjit/Desktop/training_works/laravel/day3/blogproject/vendor/laravel/framework/src/Illuminate/Pipeline/Pipeline.php(104): Illuminate\\Routing\\Pipeline->Illuminate\\Routing\\{closure}()
#36 /home/bjit/Desktop/training_works/laravel/day3/blogproject/vendor/laravel/framework/src/Illuminate/Foundation/Http/Kernel.php(151): Illuminate\\Pipeline\\Pipeline->then()
#37 /home/bjit/Desktop/training_works/laravel/day3/blogproject/vendor/laravel/framework/src/Illuminate/Foundation/Http/Kernel.php(116): Illuminate\\Foundation\\Http\\Kernel->sendRequestThroughRouter()
#38 /home/bjit/Desktop/training_works/laravel/day3/blogproject/public/index.php(55): Illuminate\\Foundation\\Http\\Kernel->handle()
#39 /home/bjit/Desktop/training_works/laravel/day3/blogproject/server.php(21): require_once('/home/bjit/Desk...')
#40 {main}
"} 
[2021-09-28 03:41:31] local.ERROR: The token could not be parsed from the request {"exception":"[object] (Tymon\\JWTAuth\\Exceptions\\JWTException(code: 0): The token could not be parsed from the request at /home/bjit/Desktop/training_works/laravel/day3/blogproject/vendor/tymon/jwt-auth/src/JWT.php:185)
[stacktrace]
#0 /home/bjit/Desktop/training_works/laravel/day3/blogproject/vendor/laravel/framework/src/Illuminate/Support/Facades/Facade.php(239): Tymon\\JWTAuth\\JWT->parseToken()
#1 /home/bjit/Desktop/training_works/laravel/day3/blogproject/app/Http/Controllers/TaskController.php(21): Illuminate\\Support\\Facades\\Facade::__callStatic()
#2 [internal function]: App\\Http\\Controllers\\TaskController->__construct()
#3 /home/bjit/Desktop/training_works/laravel/day3/blogproject/vendor/laravel/framework/src/Illuminate/Container/Container.php(825): ReflectionClass->newInstanceArgs()
#4 /home/bjit/Desktop/training_works/laravel/day3/blogproject/vendor/laravel/framework/src/Illuminate/Container/Container.php(667): Illuminate\\Container\\Container->build()
#5 /home/bjit/Desktop/training_works/laravel/day3/blogproject/vendor/laravel/framework/src/Illuminate/Container/Container.php(615): Illuminate\\Container\\Container->resolve()
#6 /home/bjit/Desktop/training_works/laravel/day3/blogproject/vendor/laravel/framework/src/Illuminate/Foundation/Application.php(767): Illuminate\\Container\\Container->make()
#7 /home/bjit/Desktop/training_works/laravel/day3/blogproject/vendor/laravel/framework/src/Illuminate/Routing/Route.php(233): Illuminate\\Foundation\\Application->make()
#8 /home/bjit/Desktop/training_works/laravel/day3/blogproject/vendor/laravel/framework/src/Illuminate/Routing/Route.php(833): Illuminate\\Routing\\Route->getController()
#9 /home/bjit/Desktop/training_works/laravel/day3/blogproject/vendor/laravel/framework/src/Illuminate/Routing/Route.php(794): Illuminate\\Routing\\Route->controllerMiddleware()
#10 /home/bjit/Desktop/training_works/laravel/day3/blogproject/vendor/laravel/framework/src/Illuminate/Routing/Router.php(693): Illuminate\\Routing\\Route->gatherMiddleware()
#11 /home/bjit/Desktop/training_works/laravel/day3/blogproject/vendor/laravel/framework/src/Illuminate/Routing/Router.php(673): Illuminate\\Routing\\Router->gatherRouteMiddleware()
#12 /home/bjit/Desktop/training_works/laravel/day3/blogproject/vendor/laravel/framework/src/Illuminate/Routing/Router.php(657): Illuminate\\Routing\\Router->runRouteWithinStack()
#13 /home/bjit/Desktop/training_works/laravel/day3/blogproject/vendor/laravel/framework/src/Illuminate/Routing/Router.php(623): Illuminate\\Routing\\Router->runRoute()
#14 /home/bjit/Desktop/training_works/laravel/day3/blogproject/vendor/laravel/framework/src/Illuminate/Routing/Router.php(612): Illuminate\\Routing\\Router->dispatchToRoute()
#15 /home/bjit/Desktop/training_works/laravel/day3/blogproject/vendor/laravel/framework/src/Illuminate/Foundation/Http/Kernel.php(176): Illuminate\\Routing\\Router->dispatch()
#16 /home/bjit/Desktop/training_works/laravel/day3/blogproject/vendor/laravel/framework/src/Illuminate/Routing/Pipeline.php(30): Illuminate\\Foundation\\Http\\Kernel->Illuminate\\Foundation\\Http\\{closure}()
#17 /home/bjit/Desktop/training_works/laravel/day3/blogproject/vendor/barryvdh/laravel-debugbar/src/Middleware/InjectDebugbar.php(65): Illuminate\\Routing\\Pipeline->Illuminate\\Routing\\{closure}()
#18 /home/bjit/Desktop/training_works/laravel/day3/blogproject/vendor/laravel/framework/src/Illuminate/Pipeline/Pipeline.php(163): Barryvdh\\Debugbar\\Middleware\\InjectDebugbar->handle()
#19 /home/bjit/Desktop/training_works/laravel/day3/blogproject/vendor/laravel/framework/src/Illuminate/Routing/Pipeline.php(53): Illuminate\\Pipeline\\Pipeline->Illuminate\\Pipeline\\{closure}()
#20 /home/bjit/Desktop/training_works/laravel/day3/blogproject/vendor/laravel/framework/src/Illuminate/Foundation/Http/Middleware/TransformsRequest.php(21): Illuminate\\Routing\\Pipeline->Illuminate\\Routing\\{closure}()
#21 /home/bjit/Desktop/training_works/laravel/day3/blogproject/vendor/laravel/framework/src/Illuminate/Pipeline/Pipeline.php(163): Illuminate\\Foundation\\Http\\Middleware\\TransformsRequest->handle()
#22 /home/bjit/Desktop/training_works/laravel/day3/blogproject/vendor/laravel/framework/src/Illuminate/Routing/Pipeline.php(53): Illuminate\\Pipeline\\Pipeline->Illuminate\\Pipeline\\{closure}()
#23 /home/bjit/Desktop/training_works/laravel/day3/blogproject/vendor/laravel/framework/src/Illuminate/Foundation/Http/Middleware/TransformsRequest.php(21): Illuminate\\Routing\\Pipeline->Illuminate\\Routing\\{closure}()
#24 /home/bjit/Desktop/training_works/laravel/day3/blogproject/vendor/laravel/framework/src/Illuminate/Pipeline/Pipeline.php(163): Illuminate\\Foundation\\Http\\Middleware\\TransformsRequest->handle()
#25 /home/bjit/Desktop/training_works/laravel/day3/blogproject/vendor/laravel/framework/src/Illuminate/Routing/Pipeline.php(53): Illuminate\\Pipeline\\Pipeline->Illuminate\\Pipeline\\{closure}()
#26 /home/bjit/Desktop/training_works/laravel/day3/blogproject/vendor/laravel/framework/src/Illuminate/Foundation/Http/Middleware/ValidatePostSize.php(27): Illuminate\\Routing\\Pipeline->Illuminate\\Routing\\{closure}()
#27 /home/bjit/Desktop/training_works/laravel/day3/blogproject/vendor/laravel/framework/src/Illuminate/Pipeline/Pipeline.php(163): Illuminate\\Foundation\\Http\\Middleware\\ValidatePostSize->handle()
#28 /home/bjit/Desktop/training_works/laravel/day3/blogproject/vendor/laravel/framework/src/Illuminate/Routing/Pipeline.php(53): Illuminate\\Pipeline\\Pipeline->Illuminate\\Pipeline\\{closure}()
#29 /home/bjit/Desktop/training_works/laravel/day3/blogproject/vendor/laravel/framework/src/Illuminate/Foundation/Http/Middleware/CheckForMaintenanceMode.php(62): Illuminate\\Routing\\Pipeline->Illuminate\\Routing\\{closure}()
#30 /home/bjit/Desktop/training_works/laravel/day3/blogproject/vendor/laravel/framework/src/Illuminate/Pipeline/Pipeline.php(163): Illuminate\\Foundation\\Http\\Middleware\\CheckForMaintenanceMode->handle()
#31 /home/bjit/Desktop/training_works/laravel/day3/blogproject/vendor/laravel/framework/src/Illuminate/Routing/Pipeline.php(53): Illuminate\\Pipeline\\Pipeline->Illuminate\\Pipeline\\{closure}()
#32 /home/bjit/Desktop/training_works/laravel/day3/blogproject/vendor/fideloper/proxy/src/TrustProxies.php(57): Illuminate\\Routing\\Pipeline->Illuminate\\Routing\\{closure}()
#33 /home/bjit/Desktop/training_works/laravel/day3/blogproject/vendor/laravel/framework/src/Illuminate/Pipeline/Pipeline.php(163): Fideloper\\Proxy\\TrustProxies->handle()
#34 /home/bjit/Desktop/training_works/laravel/day3/blogproject/vendor/laravel/framework/src/Illuminate/Routing/Pipeline.php(53): Illuminate\\Pipeline\\Pipeline->Illuminate\\Pipeline\\{closure}()
#35 /home/bjit/Desktop/training_works/laravel/day3/blogproject/vendor/laravel/framework/src/Illuminate/Pipeline/Pipeline.php(104): Illuminate\\Routing\\Pipeline->Illuminate\\Routing\\{closure}()
#36 /home/bjit/Desktop/training_works/laravel/day3/blogproject/vendor/laravel/framework/src/Illuminate/Foundation/Http/Kernel.php(151): Illuminate\\Pipeline\\Pipeline->then()
#37 /home/bjit/Desktop/training_works/laravel/day3/blogproject/vendor/laravel/framework/src/Illuminate/Foundation/Http/Kernel.php(116): Illuminate\\Foundation\\Http\\Kernel->sendRequestThroughRouter()
#38 /home/bjit/Desktop/training_works/laravel/day3/blogproject/public/index.php(55): Illuminate\\Foundation\\Http\\Kernel->handle()
#39 /home/bjit/Desktop/training_works/laravel/day3/blogproject/server.php(21): require_once('/home/bjit/Desk...')
#40 {main}
"} 
